d:\event-sdk\driver\x64\debug\vc142.pdb
d:\event-sdk\driver\x64\debug\driver.obj
d:\event-sdk\driver\x64\debug\thread.obj
d:\event-sdk\driver\x64\debug\register.obj
d:\event-sdk\driver\x64\debug\process.obj
d:\event-sdk\driver\x64\debug\otherevent.obj
d:\event-sdk\driver\x64\debug\imagemod.obj
d:\event-sdk\driver\x64\debug\devctrl.obj
d:\event-sdk\bin\debug\x64\driver\driver.cat
d:\event-sdk\bin\debug\x64\driver.sys
d:\event-sdk\bin\debug\x64\driver.pdb
d:\event-sdk\driver\x64\debug\driver.res
d:\event-sdk\driver\x64\debug\driver.inf
d:\windows_kernel_eventmonitor\driver\x64\debug\devctrl.obj
d:\windows_kernel_eventmonitor\driver\x64\debug\driver.obj
d:\windows_kernel_eventmonitor\driver\x64\debug\imagemod.obj
d:\windows_kernel_eventmonitor\driver\x64\debug\otherevent.obj
d:\windows_kernel_eventmonitor\driver\x64\debug\process.obj
d:\windows_kernel_eventmonitor\driver\x64\debug\register.obj
d:\windows_kernel_eventmonitor\driver\x64\debug\thread.obj
d:\windows_kernel_eventmonitor\driver\x64\debug\driver.res
d:\windows_kernel_eventmonitor\driver\x64\debug\vc142.pdb
d:\windows_kernel_eventmonitor\bin\debug\x64\driver.sys
d:\windows_kernel_eventmonitor\driver\x64\debug\driver.tlog\cl.command.1.tlog
d:\windows_kernel_eventmonitor\driver\x64\debug\driver.tlog\cl.read.1.tlog
d:\windows_kernel_eventmonitor\driver\x64\debug\driver.tlog\cl.write.1.tlog
d:\windows_kernel_eventmonitor\driver\x64\debug\driver.tlog\inf2cat-expand.9740.read.1.tlog
d:\windows_kernel_eventmonitor\driver\x64\debug\driver.tlog\inf2cat-expand.9740.write.1.tlog
d:\windows_kernel_eventmonitor\driver\x64\debug\driver.tlog\inf2cat-expand.read.1.tlog
d:\windows_kernel_eventmonitor\driver\x64\debug\driver.tlog\inf2cat-expand.write.1.tlog
d:\windows_kernel_eventmonitor\driver\x64\debug\driver.tlog\inf2cat.command.1.tlog
d:\windows_kernel_eventmonitor\driver\x64\debug\driver.tlog\inf2cat.read.1.tlog
d:\windows_kernel_eventmonitor\driver\x64\debug\driver.tlog\inf2cat.write.1.tlog
d:\windows_kernel_eventmonitor\driver\x64\debug\driver.tlog\link.command.1.tlog
d:\windows_kernel_eventmonitor\driver\x64\debug\driver.tlog\link.read.1.tlog
d:\windows_kernel_eventmonitor\driver\x64\debug\driver.tlog\link.write.1.tlog
d:\windows_kernel_eventmonitor\driver\x64\debug\driver.tlog\rc.command.1.tlog
d:\windows_kernel_eventmonitor\driver\x64\debug\driver.tlog\rc.read.1.tlog
d:\windows_kernel_eventmonitor\driver\x64\debug\driver.tlog\rc.write.1.tlog
d:\windows_kernel_eventmonitor\driver\x64\debug\driver.tlog\signtool.command.1.tlog
d:\windows_kernel_eventmonitor\driver\x64\debug\driver.tlog\signtool.read.1.tlog
d:\windows_kernel_eventmonitor\driver\x64\debug\driver.tlog\signtool.timestamp.1.tlog
d:\windows_kernel_eventmonitor\driver\x64\debug\driver.tlog\signtool.write.1.tlog
d:\windows_kernel_eventmonitor\driver\x64\debug\driver.tlog\stampinf.command.1.tlog
d:\windows_kernel_eventmonitor\driver\x64\debug\driver.tlog\stampinf.read.1.tlog
d:\windows_kernel_eventmonitor\driver\x64\debug\driver.tlog\stampinf.write.1.tlog
